
ICL-06	Tue Sep 04 09:49:18 2018
	ib_util init failed, UDFs can't be used - looks like firebird misconfigured
	
	D:\Projects\Forums\Kofa\Win32\Debug\bin/ib_util.dll library has not been found
	D:\Projects\Forums\Kofa\Win32\Debug\ib_util.dll library has not been found
	ib_util.dll library has not been found


ICL-06	Tue Sep 04 10:02:37 2018
	ib_util init failed, UDFs can't be used - looks like firebird misconfigured
	
	D:\Projects\Forums\Kofa\Win32\Debug\bin/ib_util.dll library has not been found
	D:\Projects\Forums\Kofa\Win32\Debug\ib_util.dll library has not been found
	ib_util.dll library has not been found


ICL-06	Tue Sep 04 10:03:13 2018
	ib_util init failed, UDFs can't be used - looks like firebird misconfigured
	
	D:\Projects\Forums\Kofa\Win32\Debug\bin/ib_util.dll library has not been found
	D:\Projects\Forums\Kofa\Win32\Debug\ib_util.dll library has not been found
	ib_util.dll library has not been found


ICL-06	Thu Oct 04 16:45:03 2018
	ib_util init failed, UDFs can't be used - looks like firebird misconfigured
	
	D:\Projects\Forums\Kofa\Win32\Debug\bin/ib_util.dll library has not been found
	D:\Projects\Forums\Kofa\Win32\Debug\ib_util.dll library has not been found
	ib_util.dll library has not been found


BYSASNET	Tue Jan 05 12:32:17 2021
	ib_util init failed, UDFs can't be used - looks like firebird misconfigured
	
	E:\Projects\Forums\PortableAppsProject\Win32\Debug\bin/ib_util.dll library has not been found
	E:\Projects\Forums\PortableAppsProject\Win32\Debug\ib_util.dll library has not been found
	ib_util.dll library has not been found


BYSASNET	Tue Jan 05 13:06:12 2021
	ib_util init failed, UDFs can't be used - looks like firebird misconfigured
	
	E:\Projects\Forums\PortableAppsProject\Win32\Debug\bin/ib_util.dll library has not been found
	E:\Projects\Forums\PortableAppsProject\Win32\Debug\ib_util.dll library has not been found
	ib_util.dll library has not been found


BYSASNET	Tue Jan 05 13:08:51 2021
	ib_util init failed, UDFs can't be used - looks like firebird misconfigured
	
	E:\Projects\Forums\PortableAppsProject\Win32\Debug\bin/ib_util.dll library has not been found
	E:\Projects\Forums\PortableAppsProject\Win32\Debug\ib_util.dll library has not been found
	ib_util.dll library has not been found


BYSASNET	Tue Jan 05 13:17:11 2021
	ib_util init failed, UDFs can't be used - looks like firebird misconfigured
	
	E:\Projects\Forums\PortableAppsProject\Win32\Debug\bin/ib_util.dll library has not been found
	E:\Projects\Forums\PortableAppsProject\Win32\Debug\ib_util.dll library has not been found
	ib_util.dll library has not been found


BYSASNET	Tue Jan 05 13:19:45 2021
	ib_util init failed, UDFs can't be used - looks like firebird misconfigured
	
	E:\Projects\Forums\PortableAppsProject\Win32\Debug\bin/ib_util.dll library has not been found
	E:\Projects\Forums\PortableAppsProject\Win32\Debug\ib_util.dll library has not been found
	ib_util.dll library has not been found


BYSASNET	Tue Jan 05 13:27:55 2021
	ib_util init failed, UDFs can't be used - looks like firebird misconfigured
	
	E:\Projects\Forums\PortableAppsProject\Win32\Debug\bin/ib_util.dll library has not been found
	E:\Projects\Forums\PortableAppsProject\Win32\Debug\ib_util.dll library has not been found
	ib_util.dll library has not been found


BYSASNET	Tue Jan 05 13:46:59 2021
	ib_util init failed, UDFs can't be used - looks like firebird misconfigured
	
	E:\Projects\Forums\PortableAppsProject\Win32\Debug\bin/ib_util.dll library has not been found
	E:\Projects\Forums\PortableAppsProject\Win32\Debug\ib_util.dll library has not been found
	ib_util.dll library has not been found


BYSASNET	Tue Jan 05 13:47:16 2021
	ib_util init failed, UDFs can't be used - looks like firebird misconfigured
	
	E:\Projects\Forums\PortableAppsProject\Win32\Debug\bin/ib_util.dll library has not been found
	E:\Projects\Forums\PortableAppsProject\Win32\Debug\ib_util.dll library has not been found
	ib_util.dll library has not been found


BYSASNET	Tue Jan 05 13:51:35 2021
	ib_util init failed, UDFs can't be used - looks like firebird misconfigured
	
	E:\Projects\Forums\PortableAppsProject\Win32\Debug\bin/ib_util.dll library has not been found
	E:\Projects\Forums\PortableAppsProject\Win32\Debug\ib_util.dll library has not been found
	ib_util.dll library has not been found


BYSASNET	Tue Jan 05 13:52:05 2021
	ib_util init failed, UDFs can't be used - looks like firebird misconfigured
	
	E:\Projects\Forums\PortableAppsProject\Win32\Debug\bin/ib_util.dll library has not been found
	E:\Projects\Forums\PortableAppsProject\Win32\Debug\ib_util.dll library has not been found
	ib_util.dll library has not been found


BYSASNET	Tue Jan 05 19:10:31 2021
	ib_util init failed, UDFs can't be used - looks like firebird misconfigured
	
	E:\Projects\github\example-vcl-login\Win32\Debug\bin/ib_util.dll library has not been found
	E:\Projects\github\example-vcl-login\Win32\Debug\ib_util.dll library has not been found
	ib_util.dll library has not been found


BYSASNET	Tue Jan 05 19:11:02 2021
	ib_util init failed, UDFs can't be used - looks like firebird misconfigured
	
	E:\Projects\github\example-vcl-login\Win32\Debug\bin/ib_util.dll library has not been found
	E:\Projects\github\example-vcl-login\Win32\Debug\ib_util.dll library has not been found
	ib_util.dll library has not been found


BYSASNET	Tue Jan 05 20:01:50 2021
	ib_util init failed, UDFs can't be used - looks like firebird misconfigured
	
	E:\Projects\github\example-vcl-login\Win32\Debug\bin/ib_util.dll library has not been found
	E:\Projects\github\example-vcl-login\Win32\Debug\ib_util.dll library has not been found
	ib_util.dll library has not been found

